c:\users\jonh\desktop\globalrag\brathena antigo\brathena\vcproj-13\login-server\debug\libconfig.obj
c:\users\jonh\desktop\globalrag\brathena antigo\brathena\vcproj-13\login-server\debug\scanner.obj
c:\users\jonh\desktop\globalrag\brathena antigo\brathena\vcproj-13\login-server\debug\mutex.obj
c:\users\jonh\desktop\globalrag\brathena antigo\brathena\vcproj-13\login-server\debug\raconf.obj
c:\users\jonh\desktop\globalrag\brathena antigo\brathena\vcproj-13\login-server\debug\account_sql.obj
c:\users\jonh\desktop\globalrag\brathena antigo\brathena\vcproj-13\login-server\debug\login.obj
c:\users\jonh\desktop\globalrag\brathena antigo\brathena\vcproj-13\login-server\debug\conf.obj
c:\users\jonh\desktop\globalrag\brathena antigo\brathena\vcproj-13\login-server\debug\lang.obj
c:\users\jonh\desktop\globalrag\brathena antigo\brathena\vcproj-13\login-server\debug\console.obj
c:\users\jonh\desktop\globalrag\brathena antigo\brathena\vcproj-13\login-server\debug\ers.obj
c:\users\jonh\desktop\globalrag\brathena antigo\brathena\vcproj-13\login-server\debug\malloc.obj
c:\users\jonh\desktop\globalrag\brathena antigo\brathena\vcproj-13\login-server\debug\random.obj
c:\users\jonh\desktop\globalrag\brathena antigo\brathena\vcproj-13\login-server\debug\socket.obj
c:\users\jonh\desktop\globalrag\brathena antigo\brathena\vcproj-13\login-server\debug\strlib.obj
c:\users\jonh\desktop\globalrag\brathena antigo\brathena\vcproj-13\login-server\debug\utils.obj
c:\users\jonh\desktop\globalrag\brathena antigo\brathena\vcproj-13\login-server\debug\grammar.obj
c:\users\jonh\desktop\globalrag\brathena antigo\brathena\vcproj-13\login-server\debug\scanctx.obj
c:\users\jonh\desktop\globalrag\brathena antigo\brathena\vcproj-13\login-server\debug\strbuf.obj
c:\users\jonh\desktop\globalrag\brathena antigo\brathena\vcproj-13\login-server\debug\mempool.obj
c:\users\jonh\desktop\globalrag\brathena antigo\brathena\vcproj-13\login-server\debug\thread.obj
c:\users\jonh\desktop\globalrag\brathena antigo\brathena\vcproj-13\login-server\debug\ipban_sql.obj
c:\users\jonh\desktop\globalrag\brathena antigo\brathena\vcproj-13\login-server\debug\loginlog_sql.obj
c:\users\jonh\desktop\globalrag\brathena antigo\brathena\vcproj-13\login-server\debug\core.obj
c:\users\jonh\desktop\globalrag\brathena antigo\brathena\vcproj-13\login-server\debug\db.obj
c:\users\jonh\desktop\globalrag\brathena antigo\brathena\vcproj-13\login-server\debug\md5calc.obj
c:\users\jonh\desktop\globalrag\brathena antigo\brathena\vcproj-13\login-server\debug\nullpo.obj
c:\users\jonh\desktop\globalrag\brathena antigo\brathena\vcproj-13\login-server\debug\showmsg.obj
c:\users\jonh\desktop\globalrag\brathena antigo\brathena\vcproj-13\login-server\debug\sql.obj
c:\users\jonh\desktop\globalrag\brathena antigo\brathena\vcproj-13\login-server\debug\timer.obj
c:\users\jonh\desktop\globalrag\brathena antigo\brathena\vcproj-13\login-server\debug\mt19937ar.obj
c:\users\jonh\desktop\globalrag\brathena antigo\brathena\vcproj-13\login-server\debug\vc120.pdb
c:\users\jonh\desktop\globalrag\brathena antigo\brathena\login-server.ilk
c:\users\jonh\desktop\globalrag\brathena antigo\brathena\login-server.exe
c:\users\jonh\desktop\globalrag\brathena antigo\brathena\login-server.pdb
c:\users\jonh\desktop\globalrag\brathena antigo\brathena\vcproj-13\login-server\debug\vc120.idb
c:\users\jonh\desktop\globalrag\brathena antigo\brathena\vcproj-13\..\login-server.exe
c:\users\jonh\desktop\globalrag\brathena antigo\brathena\vcproj-13\login-server\debug\login-server.tlog\cl.command.1.tlog
c:\users\jonh\desktop\globalrag\brathena antigo\brathena\vcproj-13\login-server\debug\login-server.tlog\cl.read.1.tlog
c:\users\jonh\desktop\globalrag\brathena antigo\brathena\vcproj-13\login-server\debug\login-server.tlog\cl.write.1.tlog
c:\users\jonh\desktop\globalrag\brathena antigo\brathena\vcproj-13\login-server\debug\login-server.tlog\link.command.1.tlog
c:\users\jonh\desktop\globalrag\brathena antigo\brathena\vcproj-13\login-server\debug\login-server.tlog\link.read.1.tlog
c:\users\jonh\desktop\globalrag\brathena antigo\brathena\vcproj-13\login-server\debug\login-server.tlog\link.write.1.tlog
