c:\users\jonh\desktop\globalrag\brathena antigo\brathena\vcproj-13\mapcache\debug\grammar.obj
c:\users\jonh\desktop\globalrag\brathena antigo\brathena\vcproj-13\mapcache\debug\scanctx.obj
c:\users\jonh\desktop\globalrag\brathena antigo\brathena\vcproj-13\mapcache\debug\strbuf.obj
c:\users\jonh\desktop\globalrag\brathena antigo\brathena\vcproj-13\mapcache\debug\lang.obj
c:\users\jonh\desktop\globalrag\brathena antigo\brathena\vcproj-13\mapcache\debug\console.obj
c:\users\jonh\desktop\globalrag\brathena antigo\brathena\vcproj-13\mapcache\debug\des.obj
c:\users\jonh\desktop\globalrag\brathena antigo\brathena\vcproj-13\mapcache\debug\showmsg.obj
c:\users\jonh\desktop\globalrag\brathena antigo\brathena\vcproj-13\mapcache\debug\nullpo.obj
c:\users\jonh\desktop\globalrag\brathena antigo\brathena\vcproj-13\mapcache\debug\mapcache.obj
c:\users\jonh\desktop\globalrag\brathena antigo\brathena\vcproj-13\mapcache\debug\libconfig.obj
c:\users\jonh\desktop\globalrag\brathena antigo\brathena\vcproj-13\mapcache\debug\scanner.obj
c:\users\jonh\desktop\globalrag\brathena antigo\brathena\vcproj-13\mapcache\debug\conf.obj
c:\users\jonh\desktop\globalrag\brathena antigo\brathena\vcproj-13\mapcache\debug\core.obj
c:\users\jonh\desktop\globalrag\brathena antigo\brathena\vcproj-13\mapcache\debug\grfio.obj
c:\users\jonh\desktop\globalrag\brathena antigo\brathena\vcproj-13\mapcache\debug\malloc.obj
c:\users\jonh\desktop\globalrag\brathena antigo\brathena\vcproj-13\mapcache\debug\strlib.obj
c:\users\jonh\desktop\globalrag\brathena antigo\brathena\vcproj-13\mapcache\debug\utils.obj
c:\users\jonh\desktop\globalrag\brathena antigo\brathena\vcproj-13\mapcache\debug\vc120.pdb
c:\users\jonh\desktop\globalrag\brathena antigo\brathena\mapcache.ilk
c:\users\jonh\desktop\globalrag\brathena antigo\brathena\mapcache.exe
c:\users\jonh\desktop\globalrag\brathena antigo\brathena\mapcache.pdb
c:\users\jonh\desktop\globalrag\brathena antigo\brathena\vcproj-13\mapcache\debug\vc120.idb
c:\users\jonh\desktop\globalrag\brathena antigo\brathena\vcproj-13\..\mapcache.exe
c:\users\jonh\desktop\globalrag\brathena antigo\brathena\vcproj-13\mapcache\debug\mapcache.tlog\cl.command.1.tlog
c:\users\jonh\desktop\globalrag\brathena antigo\brathena\vcproj-13\mapcache\debug\mapcache.tlog\cl.read.1.tlog
c:\users\jonh\desktop\globalrag\brathena antigo\brathena\vcproj-13\mapcache\debug\mapcache.tlog\cl.write.1.tlog
c:\users\jonh\desktop\globalrag\brathena antigo\brathena\vcproj-13\mapcache\debug\mapcache.tlog\link.command.1.tlog
c:\users\jonh\desktop\globalrag\brathena antigo\brathena\vcproj-13\mapcache\debug\mapcache.tlog\link.read.1.tlog
c:\users\jonh\desktop\globalrag\brathena antigo\brathena\vcproj-13\mapcache\debug\mapcache.tlog\link.write.1.tlog
