Build started 14/02/2016 16:45:28.
     1>Project "C:\Users\Jonh\Desktop\GlobalRAG\Brathena antigo\brathena\vcproj-13\mapcache.vcxproj" on node 2 (Build target(s)).
     1>ClCompile:
         C:\Program Files (x86)\Microsoft Visual Studio 12.0\VC\bin\CL.exe /c /I..\3rdparty\libconfig /I..\3rdparty\zlib\include /I..\3rdparty\msinttypes\include /ZI /nologo /W3 /WX- /MP /Od /Oy- /D WIN32 /D _WIN32 /D __WIN32 /D _DEBUG /D _CRT_SECURE_NO_DEPRECATE /D _CRT_NONSTDC_NO_DEPRECATE /D MINICORE /D LIBCONFIG_STATIC /D YY_USE_CONST /D _MBCS /Gm- /RTC1 /MTd /GS /Gy /fp:precise /Zc:wchar_t /Zc:forScope /Fo"mapcache\Debug\\" /Fd"mapcache\Debug\vc120.pdb" /Gd /TC /analyze- /errorReport:prompt ..\3rdparty\libconfig\grammar.c ..\3rdparty\libconfig\libconfig.c ..\3rdparty\libconfig\scanctx.c ..\3rdparty\libconfig\scanner.c ..\3rdparty\libconfig\strbuf.c ..\src\common\conf.c ..\src\common\lang.c ..\src\common\core.c ..\src\common\console.c ..\src\common\des.c ..\src\common\grfio.c ..\src\common\malloc.c ..\src\common\showmsg.c ..\src\common\strlib.c ..\src\common\utils.c ..\src\common\nullpo.c ..\src\tool\mapcache.c
         grammar.c
         libconfig.c
         scanctx.c
         scanner.c
         strbuf.c
         conf.c
         lang.c
         core.c
         console.c
         des.c
         grfio.c
         malloc.c
         showmsg.c
         strlib.c
         utils.c
         nullpo.c
         mapcache.c
       Link:
         C:\Program Files (x86)\Microsoft Visual Studio 12.0\VC\bin\link.exe /ERRORREPORT:PROMPT /OUT:"..\mapcache.exe" /INCREMENTAL /NOLOGO /LIBPATH:..\3rdparty\zlib\lib libcmtd.lib oldnames.lib zdll.lib kernel32.lib user32.lib gdi32.lib winspool.lib comdlg32.lib advapi32.lib shell32.lib ole32.lib oleaut32.lib uuid.lib odbc32.lib odbccp32.lib /NODEFAULTLIB /MANIFEST /MANIFESTUAC:"level='asInvoker' uiAccess='false'" /manifest:embed /DEBUG /PDB:"..\mapcache.pdb" /SUBSYSTEM:CONSOLE /TLBID:1 /DYNAMICBASE:NO /IMPLIB:"..\mapcache.lib" /MACHINE:X86 /SAFESEH:NO /FIXED:NO mapcache\Debug\grammar.obj
         mapcache\Debug\libconfig.obj
         mapcache\Debug\scanctx.obj
         mapcache\Debug\scanner.obj
         mapcache\Debug\strbuf.obj
         mapcache\Debug\conf.obj
         mapcache\Debug\lang.obj
         mapcache\Debug\core.obj
         mapcache\Debug\console.obj
         mapcache\Debug\des.obj
         mapcache\Debug\grfio.obj
         mapcache\Debug\malloc.obj
         mapcache\Debug\showmsg.obj
         mapcache\Debug\strlib.obj
         mapcache\Debug\utils.obj
         mapcache\Debug\nullpo.obj
         mapcache\Debug\mapcache.obj
         mapcache.vcxproj -> C:\Users\Jonh\Desktop\GlobalRAG\Brathena antigo\brathena\vcproj-13\..\mapcache.exe
     1>Done Building Project "C:\Users\Jonh\Desktop\GlobalRAG\Brathena antigo\brathena\vcproj-13\mapcache.vcxproj" (Build target(s)).

Build succeeded.

Time Elapsed 00:00:32.57
