c:\users\jonh\desktop\globalrag\brathena antigo\brathena\vcproj-13\char-server\debug\libconfig.obj
c:\users\jonh\desktop\globalrag\brathena antigo\brathena\vcproj-13\char-server\debug\scanner.obj
c:\users\jonh\desktop\globalrag\brathena antigo\brathena\vcproj-13\char-server\debug\lang.obj
c:\users\jonh\desktop\globalrag\brathena antigo\brathena\vcproj-13\char-server\debug\console.obj
c:\users\jonh\desktop\globalrag\brathena antigo\brathena\vcproj-13\char-server\debug\ers.obj
c:\users\jonh\desktop\globalrag\brathena antigo\brathena\vcproj-13\char-server\debug\malloc.obj
c:\users\jonh\desktop\globalrag\brathena antigo\brathena\vcproj-13\char-server\debug\mempool.obj
c:\users\jonh\desktop\globalrag\brathena antigo\brathena\vcproj-13\char-server\debug\nullpo.obj
c:\users\jonh\desktop\globalrag\brathena antigo\brathena\vcproj-13\char-server\debug\raconf.obj
c:\users\jonh\desktop\globalrag\brathena antigo\brathena\vcproj-13\char-server\debug\random.obj
c:\users\jonh\desktop\globalrag\brathena antigo\brathena\vcproj-13\char-server\debug\socket.obj
c:\users\jonh\desktop\globalrag\brathena antigo\brathena\vcproj-13\char-server\debug\strlib.obj
c:\users\jonh\desktop\globalrag\brathena antigo\brathena\vcproj-13\char-server\debug\timer.obj
c:\users\jonh\desktop\globalrag\brathena antigo\brathena\vcproj-13\char-server\debug\char.obj
c:\users\jonh\desktop\globalrag\brathena antigo\brathena\vcproj-13\char-server\debug\int_elemental.obj
c:\users\jonh\desktop\globalrag\brathena antigo\brathena\vcproj-13\char-server\debug\int_homun.obj
c:\users\jonh\desktop\globalrag\brathena antigo\brathena\vcproj-13\char-server\debug\int_mercenary.obj
c:\users\jonh\desktop\globalrag\brathena antigo\brathena\vcproj-13\char-server\debug\int_pet.obj
c:\users\jonh\desktop\globalrag\brathena antigo\brathena\vcproj-13\char-server\debug\int_storage.obj
c:\users\jonh\desktop\globalrag\brathena antigo\brathena\vcproj-13\char-server\debug\pincode.obj
c:\users\jonh\desktop\globalrag\brathena antigo\brathena\vcproj-13\char-server\debug\grammar.obj
c:\users\jonh\desktop\globalrag\brathena antigo\brathena\vcproj-13\char-server\debug\scanctx.obj
c:\users\jonh\desktop\globalrag\brathena antigo\brathena\vcproj-13\char-server\debug\strbuf.obj
c:\users\jonh\desktop\globalrag\brathena antigo\brathena\vcproj-13\char-server\debug\mt19937ar.obj
c:\users\jonh\desktop\globalrag\brathena antigo\brathena\vcproj-13\char-server\debug\conf.obj
c:\users\jonh\desktop\globalrag\brathena antigo\brathena\vcproj-13\char-server\debug\core.obj
c:\users\jonh\desktop\globalrag\brathena antigo\brathena\vcproj-13\char-server\debug\db.obj
c:\users\jonh\desktop\globalrag\brathena antigo\brathena\vcproj-13\char-server\debug\mapindex.obj
c:\users\jonh\desktop\globalrag\brathena antigo\brathena\vcproj-13\char-server\debug\mutex.obj
c:\users\jonh\desktop\globalrag\brathena antigo\brathena\vcproj-13\char-server\debug\showmsg.obj
c:\users\jonh\desktop\globalrag\brathena antigo\brathena\vcproj-13\char-server\debug\sql.obj
c:\users\jonh\desktop\globalrag\brathena antigo\brathena\vcproj-13\char-server\debug\thread.obj
c:\users\jonh\desktop\globalrag\brathena antigo\brathena\vcproj-13\char-server\debug\utils.obj
c:\users\jonh\desktop\globalrag\brathena antigo\brathena\vcproj-13\char-server\debug\int_auction.obj
c:\users\jonh\desktop\globalrag\brathena antigo\brathena\vcproj-13\char-server\debug\int_guild.obj
c:\users\jonh\desktop\globalrag\brathena antigo\brathena\vcproj-13\char-server\debug\int_mail.obj
c:\users\jonh\desktop\globalrag\brathena antigo\brathena\vcproj-13\char-server\debug\int_party.obj
c:\users\jonh\desktop\globalrag\brathena antigo\brathena\vcproj-13\char-server\debug\int_quest.obj
c:\users\jonh\desktop\globalrag\brathena antigo\brathena\vcproj-13\char-server\debug\inter.obj
c:\users\jonh\desktop\globalrag\brathena antigo\brathena\vcproj-13\char-server\debug\vc120.pdb
c:\users\jonh\desktop\globalrag\brathena antigo\brathena\char-server.ilk
c:\users\jonh\desktop\globalrag\brathena antigo\brathena\char-server.exe
c:\users\jonh\desktop\globalrag\brathena antigo\brathena\char-server.pdb
c:\users\jonh\desktop\globalrag\brathena antigo\brathena\vcproj-13\char-server\debug\vc120.idb
c:\users\jonh\desktop\globalrag\brathena antigo\brathena\vcproj-13\..\char-server.exe
c:\users\jonh\desktop\globalrag\brathena antigo\brathena\vcproj-13\char-server\debug\char-server.tlog\cl.command.1.tlog
c:\users\jonh\desktop\globalrag\brathena antigo\brathena\vcproj-13\char-server\debug\char-server.tlog\cl.read.1.tlog
c:\users\jonh\desktop\globalrag\brathena antigo\brathena\vcproj-13\char-server\debug\char-server.tlog\cl.write.1.tlog
c:\users\jonh\desktop\globalrag\brathena antigo\brathena\vcproj-13\char-server\debug\char-server.tlog\link.command.1.tlog
c:\users\jonh\desktop\globalrag\brathena antigo\brathena\vcproj-13\char-server\debug\char-server.tlog\link.read.1.tlog
c:\users\jonh\desktop\globalrag\brathena antigo\brathena\vcproj-13\char-server\debug\char-server.tlog\link.write.1.tlog
